mode: set
github.com/chriso345/clifford/clifford.go:108.96,110.2 1 1
github.com/chriso345/clifford/version.go:10.29,11.43 1 0
github.com/chriso345/clifford/version.go:11.43,12.56 1 0
github.com/chriso345/clifford/version.go:12.56,14.4 1 0
github.com/chriso345/clifford/version.go:15.3,15.33 1 0
github.com/chriso345/clifford/version.go:15.33,16.24 1 0
github.com/chriso345/clifford/version.go:16.24,18.5 1 0
github.com/chriso345/clifford/version.go:22.2,22.18 1 0
github.com/chriso345/clifford/display/ansi.go:6.57,7.22 1 1
github.com/chriso345/clifford/display/ansi.go:7.22,9.3 1 1
github.com/chriso345/clifford/display/ansi.go:10.2,11.27 2 1
github.com/chriso345/clifford/display/ansi.go:11.27,13.3 1 1
github.com/chriso345/clifford/display/ansi.go:14.2,16.25 3 1
github.com/chriso345/clifford/display/help.go:16.55,18.33 2 1
github.com/chriso345/clifford/display/help.go:18.33,20.3 1 0
github.com/chriso345/clifford/display/help.go:22.2,26.30 3 1
github.com/chriso345/clifford/display/help.go:26.30,28.34 2 1
github.com/chriso345/clifford/display/help.go:28.34,30.9 2 1
github.com/chriso345/clifford/display/help.go:33.2,33.16 1 1
github.com/chriso345/clifford/display/help.go:33.16,36.3 1 1
github.com/chriso345/clifford/display/help.go:38.2,44.35 5 1
github.com/chriso345/clifford/display/help.go:44.35,47.3 1 1
github.com/chriso345/clifford/display/help.go:49.2,49.24 1 1
github.com/chriso345/clifford/display/help.go:49.24,51.3 1 1
github.com/chriso345/clifford/display/help.go:52.2,56.47 2 1
github.com/chriso345/clifford/display/help.go:56.47,58.3 1 0
github.com/chriso345/clifford/display/help.go:61.2,61.76 1 1
github.com/chriso345/clifford/display/help.go:61.76,64.3 2 1
github.com/chriso345/clifford/display/help.go:66.2,66.27 1 1
github.com/chriso345/clifford/display/help.go:66.27,69.3 2 1
github.com/chriso345/clifford/display/help.go:71.2,71.24 1 1
github.com/chriso345/clifford/display/help.go:71.24,74.3 2 1
github.com/chriso345/clifford/display/help.go:76.2,76.30 1 1
github.com/chriso345/clifford/display/help.go:80.46,86.30 5 1
github.com/chriso345/clifford/display/help.go:86.30,88.42 2 1
github.com/chriso345/clifford/display/help.go:88.42,89.12 1 0
github.com/chriso345/clifford/display/help.go:92.3,93.31 2 1
github.com/chriso345/clifford/display/help.go:93.31,94.12 1 1
github.com/chriso345/clifford/display/help.go:96.3,97.17 2 1
github.com/chriso345/clifford/display/help.go:97.17,99.4 1 1
github.com/chriso345/clifford/display/help.go:100.3,103.75 2 1
github.com/chriso345/clifford/display/help.go:103.75,105.4 1 0
github.com/chriso345/clifford/display/help.go:106.3,107.26 2 1
github.com/chriso345/clifford/display/help.go:107.26,109.4 1 1
github.com/chriso345/clifford/display/help.go:112.2,113.31 2 1
github.com/chriso345/clifford/display/help.go:113.31,115.30 2 1
github.com/chriso345/clifford/display/help.go:115.30,117.21 2 1
github.com/chriso345/clifford/display/help.go:117.21,119.5 1 1
github.com/chriso345/clifford/display/help.go:120.4,120.48 1 1
github.com/chriso345/clifford/display/help.go:120.48,122.30 2 1
github.com/chriso345/clifford/display/help.go:122.30,124.6 1 0
github.com/chriso345/clifford/display/help.go:126.4,126.9 1 1
github.com/chriso345/clifford/display/help.go:130.2,132.28 3 1
github.com/chriso345/clifford/display/help.go:132.28,134.3 1 1
github.com/chriso345/clifford/display/help.go:135.2,135.25 1 1
github.com/chriso345/clifford/display/help.go:141.34,147.30 4 1
github.com/chriso345/clifford/display/help.go:147.30,149.103 2 1
github.com/chriso345/clifford/display/help.go:149.103,150.12 1 1
github.com/chriso345/clifford/display/help.go:153.3,153.42 1 1
github.com/chriso345/clifford/display/help.go:153.42,154.12 1 0
github.com/chriso345/clifford/display/help.go:158.3,158.52 1 1
github.com/chriso345/clifford/display/help.go:158.52,159.12 1 0
github.com/chriso345/clifford/display/help.go:162.3,163.48 2 1
github.com/chriso345/clifford/display/help.go:163.48,164.12 1 1
github.com/chriso345/clifford/display/help.go:167.3,171.38 3 1
github.com/chriso345/clifford/display/help.go:171.38,173.26 2 1
github.com/chriso345/clifford/display/help.go:173.26,175.5 1 1
github.com/chriso345/clifford/display/help.go:176.4,177.12 2 1
github.com/chriso345/clifford/display/help.go:180.3,181.25 2 0
github.com/chriso345/clifford/display/help.go:181.25,183.4 1 0
github.com/chriso345/clifford/display/help.go:184.3,184.59 1 0
github.com/chriso345/clifford/display/help.go:188.2,190.29 3 1
github.com/chriso345/clifford/display/help.go:190.29,194.3 3 1
github.com/chriso345/clifford/display/help.go:195.2,195.25 1 1
github.com/chriso345/clifford/display/help.go:199.45,202.30 3 1
github.com/chriso345/clifford/display/help.go:202.30,205.38 2 1
github.com/chriso345/clifford/display/help.go:205.38,206.43 1 1
github.com/chriso345/clifford/display/help.go:206.43,208.5 1 0
github.com/chriso345/clifford/display/help.go:211.3,211.34 1 1
github.com/chriso345/clifford/display/help.go:211.34,212.43 1 0
github.com/chriso345/clifford/display/help.go:212.43,214.5 1 0
github.com/chriso345/clifford/display/help.go:217.2,217.13 1 1
github.com/chriso345/clifford/display/help.go:221.37,227.30 4 1
github.com/chriso345/clifford/display/help.go:227.30,229.38 2 1
github.com/chriso345/clifford/display/help.go:229.38,233.61 3 1
github.com/chriso345/clifford/display/help.go:233.61,235.5 1 0
github.com/chriso345/clifford/display/help.go:236.4,236.58 1 1
github.com/chriso345/clifford/display/help.go:236.58,238.5 1 0
github.com/chriso345/clifford/display/help.go:239.4,239.38 1 1
github.com/chriso345/clifford/display/help.go:239.38,240.25 1 0
github.com/chriso345/clifford/display/help.go:240.25,244.28 4 0
github.com/chriso345/clifford/display/help.go:244.28,246.7 1 0
github.com/chriso345/clifford/display/help.go:247.11,251.28 4 0
github.com/chriso345/clifford/display/help.go:251.28,253.7 1 0
github.com/chriso345/clifford/display/help.go:257.4,260.28 3 1
github.com/chriso345/clifford/display/help.go:260.28,261.38 1 0
github.com/chriso345/clifford/display/help.go:261.38,263.11 2 0
github.com/chriso345/clifford/display/help.go:267.4,267.35 1 1
github.com/chriso345/clifford/display/help.go:267.35,269.5 1 0
github.com/chriso345/clifford/display/help.go:271.4,271.18 1 1
github.com/chriso345/clifford/display/help.go:271.18,274.34 2 1
github.com/chriso345/clifford/display/help.go:274.34,276.33 2 1
github.com/chriso345/clifford/display/help.go:276.33,278.20 2 1
github.com/chriso345/clifford/display/help.go:278.20,280.8 1 1
github.com/chriso345/clifford/display/help.go:281.7,281.54 1 1
github.com/chriso345/clifford/display/help.go:281.54,283.8 1 1
github.com/chriso345/clifford/display/help.go:284.7,284.12 1 1
github.com/chriso345/clifford/display/help.go:288.4,288.31 1 1
github.com/chriso345/clifford/display/help.go:288.31,289.22 1 1
github.com/chriso345/clifford/display/help.go:289.22,293.28 4 1
github.com/chriso345/clifford/display/help.go:293.28,295.7 1 1
github.com/chriso345/clifford/display/help.go:296.11,300.28 4 0
github.com/chriso345/clifford/display/help.go:300.28,302.7 1 0
github.com/chriso345/clifford/display/help.go:305.4,305.12 1 1
github.com/chriso345/clifford/display/help.go:308.3,308.37 1 1
github.com/chriso345/clifford/display/help.go:308.37,312.26 4 1
github.com/chriso345/clifford/display/help.go:312.26,314.5 1 1
github.com/chriso345/clifford/display/help.go:315.4,315.12 1 1
github.com/chriso345/clifford/display/help.go:318.3,318.42 1 1
github.com/chriso345/clifford/display/help.go:318.42,319.12 1 0
github.com/chriso345/clifford/display/help.go:322.3,323.48 2 1
github.com/chriso345/clifford/display/help.go:323.48,324.12 1 1
github.com/chriso345/clifford/display/help.go:327.3,335.14 7 1
github.com/chriso345/clifford/display/help.go:335.14,337.4 1 1
github.com/chriso345/clifford/display/help.go:339.3,340.10 2 1
github.com/chriso345/clifford/display/help.go:341.34,342.22 1 1
github.com/chriso345/clifford/display/help.go:342.22,344.5 1 1
github.com/chriso345/clifford/display/help.go:344.10,346.5 1 1
github.com/chriso345/clifford/display/help.go:347.20,348.22 1 0
github.com/chriso345/clifford/display/help.go:348.22,350.5 1 0
github.com/chriso345/clifford/display/help.go:350.10,352.5 1 0
github.com/chriso345/clifford/display/help.go:353.19,354.22 1 0
github.com/chriso345/clifford/display/help.go:354.22,356.5 1 0
github.com/chriso345/clifford/display/help.go:356.10,358.5 1 0
github.com/chriso345/clifford/display/help.go:362.3,362.46 1 1
github.com/chriso345/clifford/display/help.go:362.46,363.18 1 0
github.com/chriso345/clifford/display/help.go:363.18,365.5 1 0
github.com/chriso345/clifford/display/help.go:365.10,367.5 1 0
github.com/chriso345/clifford/display/help.go:370.3,370.25 1 1
github.com/chriso345/clifford/display/help.go:370.25,372.4 1 1
github.com/chriso345/clifford/display/help.go:373.3,373.59 1 1
github.com/chriso345/clifford/display/help.go:377.2,378.29 2 1
github.com/chriso345/clifford/display/help.go:378.29,382.3 3 1
github.com/chriso345/clifford/display/help.go:383.2,383.25 1 1
github.com/chriso345/clifford/display/help.go:387.43,391.30 3 1
github.com/chriso345/clifford/display/help.go:391.30,393.42 2 1
github.com/chriso345/clifford/display/help.go:393.42,394.12 1 0
github.com/chriso345/clifford/display/help.go:397.3,398.48 2 1
github.com/chriso345/clifford/display/help.go:398.48,399.12 1 1
github.com/chriso345/clifford/display/help.go:402.3,402.36 1 1
github.com/chriso345/clifford/display/help.go:402.36,404.4 1 1
github.com/chriso345/clifford/display/help.go:406.2,406.13 1 1
github.com/chriso345/clifford/display/help.go:410.34,413.30 2 1
github.com/chriso345/clifford/display/help.go:413.30,415.42 2 1
github.com/chriso345/clifford/display/help.go:415.42,416.12 1 0
github.com/chriso345/clifford/display/help.go:419.3,419.71 1 1
github.com/chriso345/clifford/display/help.go:419.71,421.4 1 1
github.com/chriso345/clifford/display/help.go:422.3,422.34 1 1
github.com/chriso345/clifford/display/help.go:422.34,424.47 1 1
github.com/chriso345/clifford/display/help.go:424.47,425.39 1 0
github.com/chriso345/clifford/display/help.go:425.39,427.6 1 0
github.com/chriso345/clifford/display/help.go:428.5,428.17 1 0
github.com/chriso345/clifford/display/help.go:430.4,430.47 1 1
github.com/chriso345/clifford/display/help.go:430.47,431.39 1 1
github.com/chriso345/clifford/display/help.go:431.39,433.6 1 1
github.com/chriso345/clifford/display/help.go:434.5,434.17 1 1
github.com/chriso345/clifford/display/help.go:437.4,437.15 1 0
github.com/chriso345/clifford/display/help.go:439.3,439.69 1 1
github.com/chriso345/clifford/display/help.go:439.69,441.4 1 0
github.com/chriso345/clifford/display/help.go:443.3,444.48 2 1
github.com/chriso345/clifford/display/help.go:444.48,446.4 1 1
github.com/chriso345/clifford/display/help.go:448.2,448.14 1 1
github.com/chriso345/clifford/display/subhelp.go:11.96,12.36 1 0
github.com/chriso345/clifford/display/subhelp.go:12.36,14.3 1 0
github.com/chriso345/clifford/display/subhelp.go:17.2,18.32 2 0
github.com/chriso345/clifford/display/subhelp.go:18.32,20.32 2 0
github.com/chriso345/clifford/display/subhelp.go:20.32,22.35 2 0
github.com/chriso345/clifford/display/subhelp.go:22.35,24.10 2 0
github.com/chriso345/clifford/display/subhelp.go:28.2,28.22 1 0
github.com/chriso345/clifford/display/subhelp.go:28.22,30.3 1 0
github.com/chriso345/clifford/display/subhelp.go:32.2,40.35 6 0
github.com/chriso345/clifford/display/subhelp.go:40.35,42.3 1 0
github.com/chriso345/clifford/display/subhelp.go:43.2,43.27 1 0
github.com/chriso345/clifford/display/subhelp.go:43.27,45.3 1 0
github.com/chriso345/clifford/display/subhelp.go:46.2,49.50 2 0
github.com/chriso345/clifford/display/subhelp.go:49.50,51.3 1 0
github.com/chriso345/clifford/display/subhelp.go:53.2,53.27 1 0
github.com/chriso345/clifford/display/subhelp.go:53.27,57.3 2 0
github.com/chriso345/clifford/display/subhelp.go:59.2,59.30 1 0
github.com/chriso345/clifford/display/version.go:11.47,12.33 1 0
github.com/chriso345/clifford/display/version.go:12.33,14.3 1 0
github.com/chriso345/clifford/display/version.go:16.2,22.30 5 0
github.com/chriso345/clifford/display/version.go:22.30,25.38 2 0
github.com/chriso345/clifford/display/version.go:25.38,26.47 1 0
github.com/chriso345/clifford/display/version.go:26.47,28.5 1 0
github.com/chriso345/clifford/display/version.go:29.4,29.50 1 0
github.com/chriso345/clifford/display/version.go:29.50,31.5 1 0
github.com/chriso345/clifford/display/version.go:32.4,32.12 1 0
github.com/chriso345/clifford/display/version.go:35.3,35.30 1 0
github.com/chriso345/clifford/display/version.go:35.30,36.50 1 0
github.com/chriso345/clifford/display/version.go:36.50,38.5 1 0
github.com/chriso345/clifford/display/version.go:42.2,42.64 1 0
github.com/chriso345/clifford/display/version.go:42.64,44.3 1 0
github.com/chriso345/clifford/display/version.go:46.2,47.19 2 0
github.com/chriso345/clifford/display/version.go:47.19,49.3 1 0
github.com/chriso345/clifford/display/version.go:51.2,51.16 1 0
github.com/chriso345/clifford/display/version.go:51.16,53.3 1 0
github.com/chriso345/clifford/display/version.go:55.2,55.19 1 0
github.com/chriso345/clifford/display/version.go:55.19,57.17 2 0
github.com/chriso345/clifford/display/version.go:57.17,59.4 1 0
github.com/chriso345/clifford/display/version.go:60.3,60.20 1 0
github.com/chriso345/clifford/display/version.go:63.2,63.49 1 0
github.com/chriso345/clifford/display/version.go:67.37,69.9 2 0
github.com/chriso345/clifford/display/version.go:69.9,71.3 1 0
github.com/chriso345/clifford/display/version.go:73.2,73.63 1 0
github.com/chriso345/clifford/display/version.go:73.63,75.3 1 0
github.com/chriso345/clifford/display/version.go:77.2,77.76 1 0
github.com/chriso345/clifford/core/parse.go:19.87,24.33 4 1
github.com/chriso345/clifford/core/parse.go:24.33,26.66 2 1
github.com/chriso345/clifford/core/parse.go:26.66,29.61 3 1
github.com/chriso345/clifford/core/parse.go:29.61,33.5 3 1
github.com/chriso345/clifford/core/parse.go:37.2,39.27 3 1
github.com/chriso345/clifford/core/parse.go:39.27,40.15 1 1
github.com/chriso345/clifford/core/parse.go:40.15,43.4 2 1
github.com/chriso345/clifford/core/parse.go:45.2,45.54 1 1
github.com/chriso345/clifford/core/parse.go:50.51,51.33 1 1
github.com/chriso345/clifford/core/parse.go:51.33,53.3 1 0
github.com/chriso345/clifford/core/parse.go:55.2,59.32 3 1
github.com/chriso345/clifford/core/parse.go:59.32,61.32 2 1
github.com/chriso345/clifford/core/parse.go:61.32,63.31 2 1
github.com/chriso345/clifford/core/parse.go:63.31,64.44 1 1
github.com/chriso345/clifford/core/parse.go:64.44,66.6 1 0
github.com/chriso345/clifford/core/parse.go:66.11,66.51 1 1
github.com/chriso345/clifford/core/parse.go:66.51,68.6 1 1
github.com/chriso345/clifford/core/parse.go:69.5,69.10 1 1
github.com/chriso345/clifford/core/parse.go:74.2,74.67 1 1
github.com/chriso345/clifford/core/parse.go:74.67,75.34 1 1
github.com/chriso345/clifford/core/parse.go:75.34,77.18 2 0
github.com/chriso345/clifford/core/parse.go:77.18,79.5 1 0
github.com/chriso345/clifford/core/parse.go:80.4,81.13 2 0
github.com/chriso345/clifford/core/parse.go:83.3,83.38 1 1
github.com/chriso345/clifford/core/parse.go:83.38,85.18 2 1
github.com/chriso345/clifford/core/parse.go:85.18,87.5 1 0
github.com/chriso345/clifford/core/parse.go:88.4,89.13 2 1
github.com/chriso345/clifford/core/parse.go:94.2,94.46 1 1
github.com/chriso345/clifford/core/parse.go:94.46,95.41 1 1
github.com/chriso345/clifford/core/parse.go:95.41,97.18 2 1
github.com/chriso345/clifford/core/parse.go:97.18,99.5 1 0
github.com/chriso345/clifford/core/parse.go:100.4,101.13 2 1
github.com/chriso345/clifford/core/parse.go:105.2,109.30 4 1
github.com/chriso345/clifford/core/parse.go:109.30,113.103 2 1
github.com/chriso345/clifford/core/parse.go:113.103,114.12 1 1
github.com/chriso345/clifford/core/parse.go:116.3,116.42 1 1
github.com/chriso345/clifford/core/parse.go:116.42,117.12 1 0
github.com/chriso345/clifford/core/parse.go:120.3,120.52 1 1
github.com/chriso345/clifford/core/parse.go:120.52,121.12 1 1
github.com/chriso345/clifford/core/parse.go:124.3,128.31 4 1
github.com/chriso345/clifford/core/parse.go:128.31,129.12 1 0
github.com/chriso345/clifford/core/parse.go:132.3,139.25 5 1
github.com/chriso345/clifford/core/parse.go:139.25,140.39 1 1
github.com/chriso345/clifford/core/parse.go:140.39,143.5 2 1
github.com/chriso345/clifford/core/parse.go:146.3,146.36 1 1
github.com/chriso345/clifford/core/parse.go:146.36,147.40 1 1
github.com/chriso345/clifford/core/parse.go:147.40,150.5 2 1
github.com/chriso345/clifford/core/parse.go:153.3,153.35 1 1
github.com/chriso345/clifford/core/parse.go:153.35,154.39 1 0
github.com/chriso345/clifford/core/parse.go:154.39,157.5 2 0
github.com/chriso345/clifford/core/parse.go:159.3,159.36 1 1
github.com/chriso345/clifford/core/parse.go:159.36,160.40 1 0
github.com/chriso345/clifford/core/parse.go:160.40,163.5 2 0
github.com/chriso345/clifford/core/parse.go:167.3,167.58 1 1
github.com/chriso345/clifford/core/parse.go:167.58,168.42 1 1
github.com/chriso345/clifford/core/parse.go:168.42,172.5 3 1
github.com/chriso345/clifford/core/parse.go:176.3,176.13 1 1
github.com/chriso345/clifford/core/parse.go:176.13,177.47 1 1
github.com/chriso345/clifford/core/parse.go:177.47,180.5 2 0
github.com/chriso345/clifford/core/parse.go:184.3,184.43 1 1
github.com/chriso345/clifford/core/parse.go:184.43,186.4 1 1
github.com/chriso345/clifford/core/parse.go:189.3,189.12 1 1
github.com/chriso345/clifford/core/parse.go:189.12,191.49 2 1
github.com/chriso345/clifford/core/parse.go:191.49,192.13 1 0
github.com/chriso345/clifford/core/parse.go:195.4,195.27 1 1
github.com/chriso345/clifford/core/parse.go:196.24,197.30 1 1
github.com/chriso345/clifford/core/parse.go:198.21,199.55 1 0
github.com/chriso345/clifford/core/parse.go:199.55,201.6 1 0
github.com/chriso345/clifford/core/parse.go:202.25,203.67 1 0
github.com/chriso345/clifford/core/parse.go:203.67,205.6 1 0
github.com/chriso345/clifford/core/parse.go:206.22,207.61 1 0
github.com/chriso345/clifford/core/parse.go:207.61,209.6 1 0
github.com/chriso345/clifford/core/parse.go:210.12,211.76 1 1
github.com/chriso345/clifford/core/parse.go:216.2,216.12 1 1
github.com/chriso345/clifford/core/parse.go:220.53,221.33 1 1
github.com/chriso345/clifford/core/parse.go:221.33,223.3 1 1
github.com/chriso345/clifford/core/parse.go:226.2,226.49 1 1
github.com/chriso345/clifford/core/parse.go:226.49,228.3 1 1
github.com/chriso345/clifford/core/parse.go:231.2,234.26 2 1
github.com/chriso345/clifford/core/parse.go:234.26,239.22 4 1
github.com/chriso345/clifford/core/parse.go:239.22,240.29 1 0
github.com/chriso345/clifford/core/parse.go:240.29,242.19 2 0
github.com/chriso345/clifford/core/parse.go:242.19,244.6 1 0
github.com/chriso345/clifford/core/parse.go:245.5,247.14 2 0
github.com/chriso345/clifford/core/parse.go:249.4,252.32 3 0
github.com/chriso345/clifford/core/parse.go:252.32,254.44 2 0
github.com/chriso345/clifford/core/parse.go:254.44,255.14 1 0
github.com/chriso345/clifford/core/parse.go:257.5,258.33 2 0
github.com/chriso345/clifford/core/parse.go:258.33,259.14 1 0
github.com/chriso345/clifford/core/parse.go:261.5,262.19 2 0
github.com/chriso345/clifford/core/parse.go:262.19,264.6 1 0
github.com/chriso345/clifford/core/parse.go:265.5,266.23 2 0
github.com/chriso345/clifford/core/parse.go:266.23,268.60 1 0
github.com/chriso345/clifford/core/parse.go:268.60,271.21 3 0
github.com/chriso345/clifford/core/parse.go:271.21,273.8 1 0
github.com/chriso345/clifford/core/parse.go:274.7,276.16 2 0
github.com/chriso345/clifford/core/parse.go:281.4,281.25 1 0
github.com/chriso345/clifford/core/parse.go:281.25,284.5 2 0
github.com/chriso345/clifford/core/parse.go:286.3,287.31 2 1
github.com/chriso345/clifford/core/parse.go:287.31,289.43 2 1
github.com/chriso345/clifford/core/parse.go:289.43,290.13 1 0
github.com/chriso345/clifford/core/parse.go:293.4,294.32 2 1
github.com/chriso345/clifford/core/parse.go:294.32,295.13 1 1
github.com/chriso345/clifford/core/parse.go:297.4,298.18 2 1
github.com/chriso345/clifford/core/parse.go:298.18,300.5 1 1
github.com/chriso345/clifford/core/parse.go:301.4,302.21 2 1
github.com/chriso345/clifford/core/parse.go:302.21,306.57 3 1
github.com/chriso345/clifford/core/parse.go:306.57,308.6 1 0
github.com/chriso345/clifford/core/parse.go:310.5,312.45 3 1
github.com/chriso345/clifford/core/parse.go:312.45,314.56 2 1
github.com/chriso345/clifford/core/parse.go:314.56,316.64 2 1
github.com/chriso345/clifford/core/parse.go:316.64,318.8 1 1
github.com/chriso345/clifford/core/parse.go:319.7,319.12 1 1
github.com/chriso345/clifford/core/parse.go:323.5,326.49 3 1
github.com/chriso345/clifford/core/parse.go:326.49,328.20 2 1
github.com/chriso345/clifford/core/parse.go:328.20,330.7 1 0
github.com/chriso345/clifford/core/parse.go:332.6,333.24 2 1
github.com/chriso345/clifford/core/parse.go:333.24,336.37 3 1
github.com/chriso345/clifford/core/parse.go:336.37,338.37 2 1
github.com/chriso345/clifford/core/parse.go:338.37,340.40 2 1
github.com/chriso345/clifford/core/parse.go:340.40,342.15 2 1
github.com/chriso345/clifford/core/parse.go:346.7,346.27 1 1
github.com/chriso345/clifford/core/parse.go:346.27,348.8 1 0
github.com/chriso345/clifford/core/parse.go:349.7,350.26 2 1
github.com/chriso345/clifford/core/parse.go:350.26,352.8 1 0
github.com/chriso345/clifford/core/parse.go:352.13,354.8 1 1
github.com/chriso345/clifford/core/parse.go:357.6,362.43 3 1
github.com/chriso345/clifford/core/parse.go:362.43,364.42 2 1
github.com/chriso345/clifford/core/parse.go:364.42,365.16 1 1
github.com/chriso345/clifford/core/parse.go:368.7,368.52 1 1
github.com/chriso345/clifford/core/parse.go:368.52,369.16 1 1
github.com/chriso345/clifford/core/parse.go:371.7,372.54 2 1
github.com/chriso345/clifford/core/parse.go:372.54,373.16 1 0
github.com/chriso345/clifford/core/parse.go:375.7,381.28 4 1
github.com/chriso345/clifford/core/parse.go:383.6,383.26 1 1
github.com/chriso345/clifford/core/parse.go:383.26,385.33 2 1
github.com/chriso345/clifford/core/parse.go:385.33,386.32 1 1
github.com/chriso345/clifford/core/parse.go:386.32,388.9 1 1
github.com/chriso345/clifford/core/parse.go:390.7,391.18 2 1
github.com/chriso345/clifford/core/parse.go:391.18,393.8 1 0
github.com/chriso345/clifford/core/parse.go:394.7,394.19 1 1
github.com/chriso345/clifford/core/parse.go:394.19,396.8 1 0
github.com/chriso345/clifford/core/parse.go:397.7,398.33 2 1
github.com/chriso345/clifford/core/parse.go:398.33,403.33 4 1
github.com/chriso345/clifford/core/parse.go:403.33,405.9 1 0
github.com/chriso345/clifford/core/parse.go:406.8,407.72 2 1
github.com/chriso345/clifford/core/parse.go:409.7,409.61 1 1
github.com/chriso345/clifford/core/parse.go:411.6,413.15 2 1
github.com/chriso345/clifford/core/parse.go:415.5,415.31 1 1
github.com/chriso345/clifford/core/parse.go:415.31,416.36 1 1
github.com/chriso345/clifford/core/parse.go:416.36,419.62 2 1
github.com/chriso345/clifford/core/parse.go:419.62,421.22 2 0
github.com/chriso345/clifford/core/parse.go:421.22,423.9 1 0
github.com/chriso345/clifford/core/parse.go:424.8,425.17 2 0
github.com/chriso345/clifford/core/parse.go:428.7,428.48 1 1
github.com/chriso345/clifford/core/parse.go:428.48,431.37 3 1
github.com/chriso345/clifford/core/parse.go:431.37,433.36 2 1
github.com/chriso345/clifford/core/parse.go:433.36,434.49 1 1
github.com/chriso345/clifford/core/parse.go:434.49,436.11 1 0
github.com/chriso345/clifford/core/parse.go:436.16,436.56 1 1
github.com/chriso345/clifford/core/parse.go:436.56,438.11 1 1
github.com/chriso345/clifford/core/parse.go:439.10,439.15 1 1
github.com/chriso345/clifford/core/parse.go:442.8,442.32 1 1
github.com/chriso345/clifford/core/parse.go:442.32,444.23 2 1
github.com/chriso345/clifford/core/parse.go:444.23,446.10 1 0
github.com/chriso345/clifford/core/parse.go:447.9,448.18 2 1
github.com/chriso345/clifford/core/parse.go:452.7,452.56 1 1
github.com/chriso345/clifford/core/parse.go:455.5,455.42 1 0
github.com/chriso345/clifford/core/parse.go:459.3,459.24 1 1
github.com/chriso345/clifford/core/parse.go:459.24,462.4 2 1
github.com/chriso345/clifford/core/parse.go:466.2,466.34 1 1
github.com/chriso345/clifford/core/parse.go:471.62,472.42 1 1
github.com/chriso345/clifford/core/parse.go:472.42,474.3 1 0
github.com/chriso345/clifford/core/parse.go:475.2,477.31 2 1
github.com/chriso345/clifford/core/parse.go:477.31,478.49 1 1
github.com/chriso345/clifford/core/parse.go:478.49,480.4 1 0
github.com/chriso345/clifford/core/parse.go:483.2,485.31 3 1
github.com/chriso345/clifford/core/parse.go:485.31,488.32 2 1
github.com/chriso345/clifford/core/parse.go:488.32,489.12 1 0
github.com/chriso345/clifford/core/parse.go:492.3,492.31 1 1
github.com/chriso345/clifford/core/parse.go:492.31,494.4 1 0
github.com/chriso345/clifford/core/parse.go:495.3,496.37 2 1
github.com/chriso345/clifford/core/parse.go:496.37,499.4 2 1
github.com/chriso345/clifford/core/parse.go:502.2,502.53 1 1
github.com/chriso345/clifford/core/parse.go:502.53,504.3 1 1
github.com/chriso345/clifford/core/parse.go:505.2,505.11 1 0
github.com/chriso345/clifford/core/parse.go:509.40,510.36 1 1
github.com/chriso345/clifford/core/parse.go:510.36,512.3 1 1
github.com/chriso345/clifford/core/parse.go:513.2,514.30 2 0
github.com/chriso345/clifford/core/parse.go:514.30,515.19 1 0
github.com/chriso345/clifford/core/parse.go:515.19,517.21 2 0
github.com/chriso345/clifford/core/parse.go:517.21,519.5 1 0
github.com/chriso345/clifford/core/parse.go:522.2,522.20 1 0
github.com/chriso345/clifford/core/parse.go:522.20,524.3 1 0
github.com/chriso345/clifford/core/parse.go:525.2,525.61 1 0
github.com/chriso345/clifford/core/parse.go:528.24,529.11 1 1
github.com/chriso345/clifford/core/parse.go:529.11,531.3 1 1
github.com/chriso345/clifford/core/parse.go:532.2,532.10 1 0
github.com/chriso345/clifford/core/parse.go:534.21,535.11 1 1
github.com/chriso345/clifford/core/parse.go:535.11,537.3 1 0
github.com/chriso345/clifford/core/parse.go:538.2,538.10 1 1
github.com/chriso345/clifford/core/parse.go:542.35,543.12 1 1
github.com/chriso345/clifford/core/parse.go:543.12,545.3 1 0
github.com/chriso345/clifford/core/parse.go:546.2,548.13 3 1
github.com/chriso345/clifford/core/parse.go:548.13,550.3 1 0
github.com/chriso345/clifford/core/parse.go:551.2,551.13 1 1
github.com/chriso345/clifford/core/parse.go:551.13,553.3 1 0
github.com/chriso345/clifford/core/parse.go:555.2,557.27 3 1
github.com/chriso345/clifford/core/parse.go:557.27,559.3 1 1
github.com/chriso345/clifford/core/parse.go:560.2,560.27 1 1
github.com/chriso345/clifford/core/parse.go:560.27,563.28 3 1
github.com/chriso345/clifford/core/parse.go:563.28,565.20 2 1
github.com/chriso345/clifford/core/parse.go:565.20,567.5 1 1
github.com/chriso345/clifford/core/parse.go:568.4,572.17 5 1
github.com/chriso345/clifford/core/parse.go:572.17,574.5 1 1
github.com/chriso345/clifford/core/parse.go:575.4,575.17 1 1
github.com/chriso345/clifford/core/parse.go:575.17,577.5 1 1
github.com/chriso345/clifford/core/parse.go:578.4,578.17 1 1
github.com/chriso345/clifford/core/parse.go:580.3,580.19 1 1
github.com/chriso345/clifford/core/parse.go:582.2,582.17 1 1
github.com/chriso345/clifford/core/parse.go:585.30,587.2 1 1
github.com/chriso345/clifford/test/main.go:34.13,37.45 2 0
github.com/chriso345/clifford/test/main.go:37.45,40.3 2 0
github.com/chriso345/clifford/test/main.go:42.2,42.45 1 0
github.com/chriso345/clifford/internal/common/utils.go:9.78,12.30 2 0
github.com/chriso345/clifford/internal/common/utils.go:12.30,15.22 2 0
github.com/chriso345/clifford/internal/common/utils.go:15.22,16.29 1 0
github.com/chriso345/clifford/internal/common/utils.go:17.20,18.58 1 0
github.com/chriso345/clifford/internal/common/utils.go:19.19,20.46 1 0
github.com/chriso345/clifford/internal/common/utils.go:21.20,22.30 1 0
github.com/chriso345/clifford/internal/common/utils.go:23.16,24.48 1 0
github.com/chriso345/clifford/internal/common/utils.go:24.48,26.6 1 0
github.com/chriso345/clifford/internal/common/utils.go:27.22,28.28 1 0
github.com/chriso345/clifford/internal/common/utils.go:29.16,31.48 1 0
github.com/chriso345/clifford/internal/common/utils.go:31.48,33.6 1 0
github.com/chriso345/clifford/internal/common/utils.go:33.11,33.55 1 0
github.com/chriso345/clifford/internal/common/utils.go:33.55,35.6 1 0
github.com/chriso345/clifford/internal/common/utils.go:36.12,37.81 1 0
github.com/chriso345/clifford/internal/common/utils.go:37.81,38.46 1 0
github.com/chriso345/clifford/internal/common/utils.go:38.46,40.7 1 0
github.com/chriso345/clifford/internal/common/utils.go:43.4,43.12 1 0
github.com/chriso345/clifford/internal/common/utils.go:47.3,47.98 1 0
github.com/chriso345/clifford/internal/common/utils.go:47.98,48.44 1 0
github.com/chriso345/clifford/internal/common/utils.go:48.44,50.5 1 0
github.com/chriso345/clifford/internal/common/utils.go:54.2,54.13 1 0
github.com/chriso345/clifford/internal/common/utils.go:58.47,59.27 1 0
github.com/chriso345/clifford/internal/common/utils.go:59.27,60.15 1 0
github.com/chriso345/clifford/internal/common/utils.go:60.15,62.4 1 0
github.com/chriso345/clifford/internal/common/utils.go:64.2,64.11 1 0
github.com/chriso345/clifford/internal/common/utils.go:68.30,71.2 2 0
github.com/chriso345/clifford/internal/common/utils.go:74.40,76.2 1 0
github.com/chriso345/clifford/internal/common/utils.go:80.48,83.30 2 0
github.com/chriso345/clifford/internal/common/utils.go:83.30,87.38 2 0
github.com/chriso345/clifford/internal/common/utils.go:87.38,88.30 1 0
github.com/chriso345/clifford/internal/common/utils.go:88.30,90.5 1 0
github.com/chriso345/clifford/internal/common/utils.go:91.4,91.12 1 0
github.com/chriso345/clifford/internal/common/utils.go:95.3,95.51 1 0
github.com/chriso345/clifford/internal/common/utils.go:95.51,97.4 1 0
github.com/chriso345/clifford/internal/common/utils.go:100.3,100.22 1 0
github.com/chriso345/clifford/internal/common/utils.go:100.22,102.4 1 0
github.com/chriso345/clifford/internal/common/utils.go:105.2,105.14 1 0
github.com/chriso345/clifford/errors/errors.go:9.36,9.52 1 0
github.com/chriso345/clifford/errors/errors.go:14.41,16.2 1 0
github.com/chriso345/clifford/errors/errors.go:22.48,23.24 1 0
github.com/chriso345/clifford/errors/errors.go:23.24,25.3 1 0
github.com/chriso345/clifford/errors/errors.go:26.2,26.54 1 0
github.com/chriso345/clifford/errors/errors.go:32.51,34.2 1 0
github.com/chriso345/clifford/errors/errors.go:37.40,37.71 1 0
github.com/chriso345/clifford/errors/errors.go:38.40,38.80 1 0
github.com/chriso345/clifford/errors/errors.go:39.58,41.2 1 0
github.com/chriso345/clifford/errors/errors.go:42.51,44.2 1 0
